Environment variables:
  - =::=::\
  - =C:=C:\Users\raluc\Downloads\RalucaangularOneApp\AngularOnePage
  - ALLUSERSPROFILE=C:\ProgramData
  - APPDATA=C:\Users\raluc\AppData\Roaming
  - COMPUTERNAME=DESKTOP-BA1H7J5
  - ComSpec=C:\Windows\system32\cmd.exe
  - CommonProgramFiles=C:\Program Files\Common Files
  - CommonProgramFiles(x86)=C:\Program Files (x86)\Common Files
  - CommonProgramW6432=C:\Program Files\Common Files
  - DriverData=C:\Windows\System32\Drivers\DriverData
  - ERROR_CODE=0
  - HOMEDRIVE=C:
  - HOMEPATH=\Users\raluc
  - JAVA_EXEC="C:\Users\raluc\Downloads\SonarQubePath\sonar-scanner-3.3.0.1492-windows\bin\..\jre\bin\java.exe"
  - JAVA_HOME=C:\Users\raluc\Downloads\SonarQubePath\sonar-scanner-3.3.0.1492-windows\bin\..\jre
  - LOCALAPPDATA=C:\Users\raluc\AppData\Local
  - LOGONSERVER=\\DESKTOP-BA1H7J5
  - NUMBER_OF_PROCESSORS=8
  - OS=Windows_NT
  - OneDrive=C:\Users\raluc\OneDrive
  - OneDriveConsumer=C:\Users\raluc\OneDrive
  - PATH=C:\Users\raluc\Downloads\SonarQubePath\sonar-scanner-3.3.0.1492-windows\bin;C:\Program Files\Java\jdk-11.0.2\bin;C:\Program Files (x86)\NVIDIA Corporation\PhysX\Common;C:\Program Files\Polyspace\R2019a\runtime\win64;C:\Program Files\Polyspace\R2019a\bin;C:\Program Files (x86)\Yarn\bin\;C:\Program Files\nodejs\;C:\Program Files\NVIDIA Corporation\NVIDIA NvDLISR;C:\Users\raluc\Downloads\SonarQubePath\sonar-scanner-3.3.0.1492-windows\bin;C:\Users\raluc\AppData\Local\Programs\Microsoft VS Code\bin;C:\Users\raluc\AppData\Local\Yarn\bin;C:\Users\raluc\AppData\Roaming\npm;C:\Users\raluc\Downloads\SonarQubePath\sonar-scanner-3.3.0.1492-windows\bin;
  - PATHEXT=.COM;.EXE;.BAT;.CMD;.VBS;.VBE;.JS;.JSE;.WSF;.WSH;.MSC
  - PROCESSOR_ARCHITECTURE=AMD64
  - PROCESSOR_IDENTIFIER=Intel64 Family 6 Model 94 Stepping 3, GenuineIntel
  - PROCESSOR_LEVEL=6
  - PROCESSOR_REVISION=5e03
  - PROJECT_HOME=C:\Users\raluc\Downloads\RalucaangularOneApp\AngularOnePage
  - PROMPT=$P$G
  - PSModulePath=C:\Program Files\WindowsPowerShell\Modules;C:\Windows\system32\WindowsPowerShell\v1.0\Modules
  - PUBLIC=C:\Users\Public
  - ProgramData=C:\ProgramData
  - ProgramFiles=C:\Program Files
  - ProgramFiles(x86)=C:\Program Files (x86)
  - ProgramW6432=C:\Program Files
  - SESSIONNAME=Console
  - SONAR_SCANNER_HOME=C:\Users\raluc\Downloads\SonarQubePath\sonar-scanner-3.3.0.1492-windows\bin\..
  - Sonar=C:\Users\raluc\Downloads\SonarQubePath\sonar-scanner-3.3.0.1492-windows
  - SonarQube=C:\Users\raluc\Downloads\SonarQubePath\sonar-scanner-3.3.0.1492-windows\bin
  - SystemDrive=C:
  - SystemRoot=C:\Windows
  - TEMP=C:\Users\raluc\AppData\Local\Temp
  - TMP=C:\Users\raluc\AppData\Local\Temp
  - USERDOMAIN=DESKTOP-BA1H7J5
  - USERDOMAIN_ROAMINGPROFILE=DESKTOP-BA1H7J5
  - USERNAME=raluc
  - USERPROFILE=C:\Users\raluc
  - scriptdir=C:\Users\raluc\Downloads\SonarQubePath\sonar-scanner-3.3.0.1492-windows\bin
  - use_embedded_jre=true
  - windir=C:\Windows
System properties:
  - awt.toolkit=sun.awt.windows.WToolkit
  - file.encoding=Cp1252
  - file.encoding.pkg=sun.io
  - file.separator=\
  - java.awt.graphicsenv=sun.awt.Win32GraphicsEnvironment
  - java.awt.headless=true
  - java.awt.printerjob=sun.awt.windows.WPrinterJob
  - java.class.path=C:\Users\raluc\Downloads\SonarQubePath\sonar-scanner-3.3.0.1492-windows\bin\..\lib\sonar-scanner-cli-3.3.0.1492.jar
  - java.class.version=52.0
  - java.endorsed.dirs=C:\Users\raluc\Downloads\SonarQubePath\sonar-scanner-3.3.0.1492-windows\jre\lib\endorsed
  - java.ext.dirs=C:\Users\raluc\Downloads\SonarQubePath\sonar-scanner-3.3.0.1492-windows\jre\lib\ext;C:\Windows\Sun\Java\lib\ext
  - java.home=C:\Users\raluc\Downloads\SonarQubePath\sonar-scanner-3.3.0.1492-windows\jre
  - java.io.tmpdir=C:\Users\raluc\AppData\Local\Temp\
  - java.library.path=C:\Users\raluc\Downloads\SonarQubePath\sonar-scanner-3.3.0.1492-windows\jre\bin;C:\Windows\Sun\Java\bin;C:\Windows\system32;C:\Windows;C:\Users\raluc\Downloads\SonarQubePath\sonar-scanner-3.3.0.1492-windows\bin;C:\Program Files\Java\jdk-11.0.2\bin;C:\Program Files (x86)\NVIDIA Corporation\PhysX\Common;C:\Program Files\Polyspace\R2019a\runtime\win64;C:\Program Files\Polyspace\R2019a\bin;C:\Program Files (x86)\Yarn\bin\;C:\Program Files\nodejs\;C:\Program Files\NVIDIA Corporation\NVIDIA NvDLISR;C:\Users\raluc\Downloads\SonarQubePath\sonar-scanner-3.3.0.1492-windows\bin;C:\Users\raluc\AppData\Local\Programs\Microsoft VS Code\bin;C:\Users\raluc\AppData\Local\Yarn\bin;C:\Users\raluc\AppData\Roaming\npm;C:\Users\raluc\Downloads\SonarQubePath\sonar-scanner-3.3.0.1492-windows\bin;;.
  - java.runtime.name=Java(TM) SE Runtime Environment
  - java.runtime.version=1.8.0_121-b13
  - java.specification.name=Java Platform API Specification
  - java.specification.vendor=Oracle Corporation
  - java.specification.version=1.8
  - java.vendor=Oracle Corporation
  - java.vendor.url=http://java.oracle.com/
  - java.vendor.url.bug=http://bugreport.sun.com/bugreport/
  - java.version=1.8.0_121
  - java.vm.info=mixed mode
  - java.vm.name=Java HotSpot(TM) 64-Bit Server VM
  - java.vm.specification.name=Java Virtual Machine Specification
  - java.vm.specification.vendor=Oracle Corporation
  - java.vm.specification.version=1.8
  - java.vm.vendor=Oracle Corporation
  - java.vm.version=25.121-b13
  - line.separator=

  - os.arch=amd64
  - os.name=Windows 10
  - os.version=10.0
  - path.separator=;
  - project.home=C:\Users\raluc\Downloads\RalucaangularOneApp\AngularOnePage
  - scanner.home=C:\Users\raluc\Downloads\SonarQubePath\sonar-scanner-3.3.0.1492-windows\bin\..
  - sun.arch.data.model=64
  - sun.boot.class.path=C:\Users\raluc\Downloads\SonarQubePath\sonar-scanner-3.3.0.1492-windows\jre\lib\resources.jar;C:\Users\raluc\Downloads\SonarQubePath\sonar-scanner-3.3.0.1492-windows\jre\lib\rt.jar;C:\Users\raluc\Downloads\SonarQubePath\sonar-scanner-3.3.0.1492-windows\jre\lib\sunrsasign.jar;C:\Users\raluc\Downloads\SonarQubePath\sonar-scanner-3.3.0.1492-windows\jre\lib\jsse.jar;C:\Users\raluc\Downloads\SonarQubePath\sonar-scanner-3.3.0.1492-windows\jre\lib\jce.jar;C:\Users\raluc\Downloads\SonarQubePath\sonar-scanner-3.3.0.1492-windows\jre\lib\charsets.jar;C:\Users\raluc\Downloads\SonarQubePath\sonar-scanner-3.3.0.1492-windows\jre\lib\jfr.jar;C:\Users\raluc\Downloads\SonarQubePath\sonar-scanner-3.3.0.1492-windows\jre\classes
  - sun.boot.library.path=C:\Users\raluc\Downloads\SonarQubePath\sonar-scanner-3.3.0.1492-windows\jre\bin
  - sun.cpu.endian=little
  - sun.cpu.isalist=amd64
  - sun.desktop=windows
  - sun.io.unicode.encoding=UnicodeLittle
  - sun.java.command=org.sonarsource.scanner.cli.Main -Dsonar.projectKey=Rossellia_MyCinema-Mean -Dsonar.organization=rossellia-github -Dsonar.sources=. -Dsonar.host.url=https://sonarcloud.io -Dsonar.login=a7583c7c9e0e7017cb2f440218e170548d74555b -X
  - sun.java.launcher=SUN_STANDARD
  - sun.jnu.encoding=Cp1252
  - sun.management.compiler=HotSpot 64-Bit Tiered Compilers
  - sun.os.patch.level=
  - sun.stderr.encoding=cp437
  - sun.stdout.encoding=cp437
  - user.country=US
  - user.dir=C:\Users\raluc\Downloads\RalucaangularOneApp\AngularOnePage
  - user.home=C:\Users\raluc
  - user.language=en
  - user.name=raluc
  - user.script=
  - user.timezone=Europe/Athens
  - user.variant=
SonarQube plugins:
  - SonarCSS 1.0.3.724 (cssfamily)
  - SonarPLSQL 3.4.1.2576 (plsql)
  - SonarScala 1.5.0.315 (sonarscala)
  - SonarC# 7.14.0.8411 (csharp)
  - Vulnerability Analysis 7.8.0.4451 (security)
  - SonarJava 5.12.1.17771 (java)
  - SonarHTML 3.1.0.1615 (web)
  - SonarFlex 2.4.0.1222 (flex)
  - SonarXML 2.0.1.2020 (xml)
  - SonarTS 1.9.0.3766 (typescript)
  - SonarVB 7.14.0.8411 (vbnet)
  - SonarSwift 4.1.0.3087 (swift)
  - SonarCFamily 6.2.0.11201 (cpp)
  - SonarPython 1.13.0.2922 (python)
  - JaCoCo 1.0.1.143 (jacoco)
  - Mercurial 1.1.2 (scmmercurial)
  - SonarGo 1.1.0.1612 (go)
  - SonarKotlin 1.5.0.315 (kotlin)
  - SonarTSQL 1.3.1.3067 (tsql)
  - SonarApex 1.5.0.315 (sonarapex)
  - SonarJS 5.1.1.7506 (javascript)
  - SonarRuby 1.5.0.315 (ruby)
  - Vulnerability Rules for C# 7.8.0.4451 (securitycsharpfrontend)
  - Vulnerability Rules for Java 7.8.0.4451 (securityjavafrontend)
  - License for SonarLint 7.8.0.24676 (license)
  - SonarCOBOL 4.4.0.3403 (cobol)
  - Git 1.9.0.1609 (scmgit)
  - SonarPHP 3.1.1.4762 (php)
  - SonarABAP 3.7.1.1762 (abap)
  - Vulnerability Rules for PHP 7.8.0.4451 (securityphpfrontend)
Global server settings:
  - email.from=noreply@sonarcloud.io
  - email.fromName=SonarCloud
  - email.prefix=[SonarCloud]
  - sonar.auth.bitbucket.enabled=true
  - sonar.auth.microsoft.enabled=true
  - sonar.core.id=BD367519-AWHW8ct9-T_TB3XqouNu
  - sonar.core.serverBaseURL=https://sonarcloud.io
  - sonar.core.startTime=2019-05-07T16:59:50+0200
  - sonar.cpd.cross_project=false
  - sonar.dbcleaner.weeksBeforeDeletingAllSnapshots=480
  - sonar.dbcleaner.weeksBeforeKeepingOnlyOneSnapshotByMonth=4
  - sonar.dbcleaner.weeksBeforeKeepingOnlyOneSnapshotByWeek=1
  - sonar.java.collectAnalysisErrors=true
  - sonar.leak.period=30
  - sonar.lf.aboutText=<div class="boxed-group" style="border: none; border-radius: 3px;">
  <div class="boxed-group-inner clearfix" style="padding: 30px; border-radius: 3px; border: #e6e6e6 1px solid; background: #f3f3f3;">
    <div style="overflow: hidden; line-height: 1.5; font-size: 16px;">
      <p>
Analyze your open source and private projects on SonarCloud.
Select your <a href="https://about.sonarcloud.io">plan</a> and start improving. 
      </p>
    </div>
  </div>
</div>
  - sonar.lf.enableGravatar=true
  - sonar.lf.logoWidthPx=105
  - sonar.organizations.anyoneCanCreate=true
  - sonar.organizations.createPersonalOrg=true
  - sonar.plsql.file.suffixes=sql,tab,pkb
  - sonar.tsql.file.suffixes=.tsql
Project server settings:
Project scanner properties:
  - sonar.host.url=https://sonarcloud.io
  - sonar.login=******
  - sonar.organization=rossellia-github
  - sonar.projectBaseDir=C:\Users\raluc\Downloads\RalucaangularOneApp\AngularOnePage
  - sonar.projectKey=Rossellia_MyCinema-Mean
  - sonar.projectName=My project
  - sonar.projectVersion=1.0
  - sonar.scanner.app=ScannerCli
  - sonar.scanner.appVersion=3.3.0.1492
  - sonar.sourceEncoding=windows-1252
  - sonar.sources=.
  - sonar.verbose=true
  - sonar.working.directory=C:\Users\raluc\Downloads\RalucaangularOneApp\AngularOnePage\.scannerwork
